[2023-02-08 15:49:42] local.ERROR: A CreateUsuariosTable class already exists. {"exception":"[object] (InvalidArgumentException(code: 0): A CreateUsuariosTable class already exists. at C:\\xampp\\htdocs\\api-jwt\\vendor\\illuminate\\database\\Migrations\\MigrationCreator.php:102)
[stacktrace]
#0 C:\\xampp\\htdocs\\api-jwt\\vendor\\illuminate\\database\\Migrations\\MigrationCreator.php(59): Illuminate\\Database\\Migrations\\MigrationCreator->ensureMigrationDoesntAlreadyExist('create_usuarios...', 'C:\\\\xampp\\\\htdocs...')
#1 C:\\xampp\\htdocs\\api-jwt\\vendor\\illuminate\\database\\Console\\Migrations\\MigrateMakeCommand.php(110): Illuminate\\Database\\Migrations\\MigrationCreator->create('create_usuarios...', 'C:\\\\xampp\\\\htdocs...', 'usuarios', true)
#2 C:\\xampp\\htdocs\\api-jwt\\vendor\\illuminate\\database\\Console\\Migrations\\MigrateMakeCommand.php(94): Illuminate\\Database\\Console\\Migrations\\MigrateMakeCommand->writeMigration('create_usuarios...', 'usuarios', true)
#3 C:\\xampp\\htdocs\\api-jwt\\vendor\\illuminate\\container\\BoundMethod.php(36): Illuminate\\Database\\Console\\Migrations\\MigrateMakeCommand->handle()
#4 C:\\xampp\\htdocs\\api-jwt\\vendor\\illuminate\\container\\Util.php(40): Illuminate\\Container\\BoundMethod::Illuminate\\Container\\{closure}()
#5 C:\\xampp\\htdocs\\api-jwt\\vendor\\illuminate\\container\\BoundMethod.php(93): Illuminate\\Container\\Util::unwrapIfClosure(Object(Closure))
#6 C:\\xampp\\htdocs\\api-jwt\\vendor\\illuminate\\container\\BoundMethod.php(37): Illuminate\\Container\\BoundMethod::callBoundMethod(Object(Laravel\\Lumen\\Application), Array, Object(Closure))
#7 C:\\xampp\\htdocs\\api-jwt\\vendor\\illuminate\\container\\Container.php(653): Illuminate\\Container\\BoundMethod::call(Object(Laravel\\Lumen\\Application), Array, Array, NULL)
#8 C:\\xampp\\htdocs\\api-jwt\\vendor\\illuminate\\console\\Command.php(136): Illuminate\\Container\\Container->call(Array)
#9 C:\\xampp\\htdocs\\api-jwt\\vendor\\symfony\\console\\Command\\Command.php(298): Illuminate\\Console\\Command->execute(Object(Symfony\\Component\\Console\\Input\\ArgvInput), Object(Illuminate\\Console\\OutputStyle))
#10 C:\\xampp\\htdocs\\api-jwt\\vendor\\illuminate\\console\\Command.php(121): Symfony\\Component\\Console\\Command\\Command->run(Object(Symfony\\Component\\Console\\Input\\ArgvInput), Object(Illuminate\\Console\\OutputStyle))
#11 C:\\xampp\\htdocs\\api-jwt\\vendor\\symfony\\console\\Application.php(1040): Illuminate\\Console\\Command->run(Object(Symfony\\Component\\Console\\Input\\ArgvInput), Object(Symfony\\Component\\Console\\Output\\ConsoleOutput))
#12 C:\\xampp\\htdocs\\api-jwt\\vendor\\symfony\\console\\Application.php(301): Symfony\\Component\\Console\\Application->doRunCommand(Object(Illuminate\\Database\\Console\\Migrations\\MigrateMakeCommand), Object(Symfony\\Component\\Console\\Input\\ArgvInput), Object(Symfony\\Component\\Console\\Output\\ConsoleOutput))
#13 C:\\xampp\\htdocs\\api-jwt\\vendor\\symfony\\console\\Application.php(171): Symfony\\Component\\Console\\Application->doRun(Object(Symfony\\Component\\Console\\Input\\ArgvInput), Object(Symfony\\Component\\Console\\Output\\ConsoleOutput))
#14 C:\\xampp\\htdocs\\api-jwt\\vendor\\illuminate\\console\\Application.php(94): Symfony\\Component\\Console\\Application->run(Object(Symfony\\Component\\Console\\Input\\ArgvInput), Object(Symfony\\Component\\Console\\Output\\ConsoleOutput))
#15 C:\\xampp\\htdocs\\api-jwt\\vendor\\laravel\\lumen-framework\\src\\Console\\Kernel.php(116): Illuminate\\Console\\Application->run(Object(Symfony\\Component\\Console\\Input\\ArgvInput), Object(Symfony\\Component\\Console\\Output\\ConsoleOutput))
#16 C:\\xampp\\htdocs\\api-jwt\\artisan(35): Laravel\\Lumen\\Console\\Kernel->handle(Object(Symfony\\Component\\Console\\Input\\ArgvInput), Object(Symfony\\Component\\Console\\Output\\ConsoleOutput))
#17 {main}
"} 
[2023-02-08 16:10:19] local.ERROR: Call to undefined method App\Models\Curso::factory() {"exception":"[object] (BadMethodCallException(code: 0): Call to undefined method App\\Models\\Curso::factory() at C:\\xampp\\htdocs\\api-jwt\\vendor\\illuminate\\support\\Traits\\ForwardsCalls.php:71)
[stacktrace]
#0 C:\\xampp\\htdocs\\api-jwt\\vendor\\illuminate\\support\\Traits\\ForwardsCalls.php(36): Illuminate\\Database\\Eloquent\\Model::throwBadMethodCallException('factory')
#1 C:\\xampp\\htdocs\\api-jwt\\vendor\\illuminate\\database\\Eloquent\\Model.php(2132): Illuminate\\Database\\Eloquent\\Model->forwardCallTo(Object(Illuminate\\Database\\Eloquent\\Builder), 'factory', Array)
#2 C:\\xampp\\htdocs\\api-jwt\\vendor\\illuminate\\database\\Eloquent\\Model.php(2144): Illuminate\\Database\\Eloquent\\Model->__call('factory', Array)
#3 C:\\xampp\\htdocs\\api-jwt\\database\\seeders\\CursosTableSeeder.php(12): Illuminate\\Database\\Eloquent\\Model::__callStatic('factory', Array)
#4 C:\\xampp\\htdocs\\api-jwt\\vendor\\illuminate\\container\\BoundMethod.php(36): Database\\Seeders\\CursosTableSeeder->run()
#5 C:\\xampp\\htdocs\\api-jwt\\vendor\\illuminate\\container\\Util.php(40): Illuminate\\Container\\BoundMethod::Illuminate\\Container\\{closure}()
#6 C:\\xampp\\htdocs\\api-jwt\\vendor\\illuminate\\container\\BoundMethod.php(93): Illuminate\\Container\\Util::unwrapIfClosure(Object(Closure))
#7 C:\\xampp\\htdocs\\api-jwt\\vendor\\illuminate\\container\\BoundMethod.php(37): Illuminate\\Container\\BoundMethod::callBoundMethod(Object(Laravel\\Lumen\\Application), Array, Object(Closure))
#8 C:\\xampp\\htdocs\\api-jwt\\vendor\\illuminate\\container\\Container.php(653): Illuminate\\Container\\BoundMethod::call(Object(Laravel\\Lumen\\Application), Array, Array, NULL)
#9 C:\\xampp\\htdocs\\api-jwt\\vendor\\illuminate\\database\\Seeder.php(149): Illuminate\\Container\\Container->call(Array, Array)
#10 C:\\xampp\\htdocs\\api-jwt\\vendor\\illuminate\\database\\Seeder.php(49): Illuminate\\Database\\Seeder->__invoke(Array)
#11 C:\\xampp\\htdocs\\api-jwt\\database\\seeders\\DatabaseSeeder.php(13): Illuminate\\Database\\Seeder->call('Database\\\\Seeder...')
#12 C:\\xampp\\htdocs\\api-jwt\\vendor\\illuminate\\container\\BoundMethod.php(36): Database\\Seeders\\DatabaseSeeder->run()
#13 C:\\xampp\\htdocs\\api-jwt\\vendor\\illuminate\\container\\Util.php(40): Illuminate\\Container\\BoundMethod::Illuminate\\Container\\{closure}()
#14 C:\\xampp\\htdocs\\api-jwt\\vendor\\illuminate\\container\\BoundMethod.php(93): Illuminate\\Container\\Util::unwrapIfClosure(Object(Closure))
#15 C:\\xampp\\htdocs\\api-jwt\\vendor\\illuminate\\container\\BoundMethod.php(37): Illuminate\\Container\\BoundMethod::callBoundMethod(Object(Laravel\\Lumen\\Application), Array, Object(Closure))
#16 C:\\xampp\\htdocs\\api-jwt\\vendor\\illuminate\\container\\Container.php(653): Illuminate\\Container\\BoundMethod::call(Object(Laravel\\Lumen\\Application), Array, Array, NULL)
#17 C:\\xampp\\htdocs\\api-jwt\\vendor\\illuminate\\database\\Seeder.php(149): Illuminate\\Container\\Container->call(Array, Array)
#18 C:\\xampp\\htdocs\\api-jwt\\vendor\\illuminate\\database\\Console\\Seeds\\SeedCommand.php(66): Illuminate\\Database\\Seeder->__invoke()
#19 C:\\xampp\\htdocs\\api-jwt\\vendor\\illuminate\\database\\Eloquent\\Concerns\\GuardsAttributes.php(157): Illuminate\\Database\\Console\\Seeds\\SeedCommand->Illuminate\\Database\\Console\\Seeds\\{closure}()
#20 C:\\xampp\\htdocs\\api-jwt\\vendor\\illuminate\\database\\Console\\Seeds\\SeedCommand.php(67): Illuminate\\Database\\Eloquent\\Model::unguarded(Object(Closure))
#21 C:\\xampp\\htdocs\\api-jwt\\vendor\\illuminate\\container\\BoundMethod.php(36): Illuminate\\Database\\Console\\Seeds\\SeedCommand->handle()
#22 C:\\xampp\\htdocs\\api-jwt\\vendor\\illuminate\\container\\Util.php(40): Illuminate\\Container\\BoundMethod::Illuminate\\Container\\{closure}()
#23 C:\\xampp\\htdocs\\api-jwt\\vendor\\illuminate\\container\\BoundMethod.php(93): Illuminate\\Container\\Util::unwrapIfClosure(Object(Closure))
#24 C:\\xampp\\htdocs\\api-jwt\\vendor\\illuminate\\container\\BoundMethod.php(37): Illuminate\\Container\\BoundMethod::callBoundMethod(Object(Laravel\\Lumen\\Application), Array, Object(Closure))
#25 C:\\xampp\\htdocs\\api-jwt\\vendor\\illuminate\\container\\Container.php(653): Illuminate\\Container\\BoundMethod::call(Object(Laravel\\Lumen\\Application), Array, Array, NULL)
#26 C:\\xampp\\htdocs\\api-jwt\\vendor\\illuminate\\console\\Command.php(136): Illuminate\\Container\\Container->call(Array)
#27 C:\\xampp\\htdocs\\api-jwt\\vendor\\symfony\\console\\Command\\Command.php(298): Illuminate\\Console\\Command->execute(Object(Symfony\\Component\\Console\\Input\\ArgvInput), Object(Illuminate\\Console\\OutputStyle))
#28 C:\\xampp\\htdocs\\api-jwt\\vendor\\illuminate\\console\\Command.php(121): Symfony\\Component\\Console\\Command\\Command->run(Object(Symfony\\Component\\Console\\Input\\ArgvInput), Object(Illuminate\\Console\\OutputStyle))
#29 C:\\xampp\\htdocs\\api-jwt\\vendor\\symfony\\console\\Application.php(1040): Illuminate\\Console\\Command->run(Object(Symfony\\Component\\Console\\Input\\ArgvInput), Object(Symfony\\Component\\Console\\Output\\ConsoleOutput))
#30 C:\\xampp\\htdocs\\api-jwt\\vendor\\symfony\\console\\Application.php(301): Symfony\\Component\\Console\\Application->doRunCommand(Object(Illuminate\\Database\\Console\\Seeds\\SeedCommand), Object(Symfony\\Component\\Console\\Input\\ArgvInput), Object(Symfony\\Component\\Console\\Output\\ConsoleOutput))
#31 C:\\xampp\\htdocs\\api-jwt\\vendor\\symfony\\console\\Application.php(171): Symfony\\Component\\Console\\Application->doRun(Object(Symfony\\Component\\Console\\Input\\ArgvInput), Object(Symfony\\Component\\Console\\Output\\ConsoleOutput))
#32 C:\\xampp\\htdocs\\api-jwt\\vendor\\illuminate\\console\\Application.php(94): Symfony\\Component\\Console\\Application->run(Object(Symfony\\Component\\Console\\Input\\ArgvInput), Object(Symfony\\Component\\Console\\Output\\ConsoleOutput))
#33 C:\\xampp\\htdocs\\api-jwt\\vendor\\laravel\\lumen-framework\\src\\Console\\Kernel.php(116): Illuminate\\Console\\Application->run(Object(Symfony\\Component\\Console\\Input\\ArgvInput), Object(Symfony\\Component\\Console\\Output\\ConsoleOutput))
#34 C:\\xampp\\htdocs\\api-jwt\\artisan(35): Laravel\\Lumen\\Console\\Kernel->handle(Object(Symfony\\Component\\Console\\Input\\ArgvInput), Object(Symfony\\Component\\Console\\Output\\ConsoleOutput))
#35 {main}
"} 
[2023-02-08 16:16:05] local.ERROR: Call to undefined method App\Models\Curso::factory() {"exception":"[object] (BadMethodCallException(code: 0): Call to undefined method App\\Models\\Curso::factory() at C:\\xampp\\htdocs\\api-jwt\\vendor\\illuminate\\support\\Traits\\ForwardsCalls.php:71)
[stacktrace]
#0 C:\\xampp\\htdocs\\api-jwt\\vendor\\illuminate\\support\\Traits\\ForwardsCalls.php(36): Illuminate\\Database\\Eloquent\\Model::throwBadMethodCallException('factory')
#1 C:\\xampp\\htdocs\\api-jwt\\vendor\\illuminate\\database\\Eloquent\\Model.php(2132): Illuminate\\Database\\Eloquent\\Model->forwardCallTo(Object(Illuminate\\Database\\Eloquent\\Builder), 'factory', Array)
#2 C:\\xampp\\htdocs\\api-jwt\\vendor\\illuminate\\database\\Eloquent\\Model.php(2144): Illuminate\\Database\\Eloquent\\Model->__call('factory', Array)
#3 C:\\xampp\\htdocs\\api-jwt\\database\\seeders\\CursosTableSeeder.php(12): Illuminate\\Database\\Eloquent\\Model::__callStatic('factory', Array)
#4 C:\\xampp\\htdocs\\api-jwt\\vendor\\illuminate\\container\\BoundMethod.php(36): Database\\Seeders\\CursosTableSeeder->run()
#5 C:\\xampp\\htdocs\\api-jwt\\vendor\\illuminate\\container\\Util.php(40): Illuminate\\Container\\BoundMethod::Illuminate\\Container\\{closure}()
#6 C:\\xampp\\htdocs\\api-jwt\\vendor\\illuminate\\container\\BoundMethod.php(93): Illuminate\\Container\\Util::unwrapIfClosure(Object(Closure))
#7 C:\\xampp\\htdocs\\api-jwt\\vendor\\illuminate\\container\\BoundMethod.php(37): Illuminate\\Container\\BoundMethod::callBoundMethod(Object(Laravel\\Lumen\\Application), Array, Object(Closure))
#8 C:\\xampp\\htdocs\\api-jwt\\vendor\\illuminate\\container\\Container.php(653): Illuminate\\Container\\BoundMethod::call(Object(Laravel\\Lumen\\Application), Array, Array, NULL)
#9 C:\\xampp\\htdocs\\api-jwt\\vendor\\illuminate\\database\\Seeder.php(149): Illuminate\\Container\\Container->call(Array, Array)
#10 C:\\xampp\\htdocs\\api-jwt\\vendor\\illuminate\\database\\Seeder.php(49): Illuminate\\Database\\Seeder->__invoke(Array)
#11 C:\\xampp\\htdocs\\api-jwt\\database\\seeders\\DatabaseSeeder.php(13): Illuminate\\Database\\Seeder->call('Database\\\\Seeder...')
#12 C:\\xampp\\htdocs\\api-jwt\\vendor\\illuminate\\container\\BoundMethod.php(36): Database\\Seeders\\DatabaseSeeder->run()
#13 C:\\xampp\\htdocs\\api-jwt\\vendor\\illuminate\\container\\Util.php(40): Illuminate\\Container\\BoundMethod::Illuminate\\Container\\{closure}()
#14 C:\\xampp\\htdocs\\api-jwt\\vendor\\illuminate\\container\\BoundMethod.php(93): Illuminate\\Container\\Util::unwrapIfClosure(Object(Closure))
#15 C:\\xampp\\htdocs\\api-jwt\\vendor\\illuminate\\container\\BoundMethod.php(37): Illuminate\\Container\\BoundMethod::callBoundMethod(Object(Laravel\\Lumen\\Application), Array, Object(Closure))
#16 C:\\xampp\\htdocs\\api-jwt\\vendor\\illuminate\\container\\Container.php(653): Illuminate\\Container\\BoundMethod::call(Object(Laravel\\Lumen\\Application), Array, Array, NULL)
#17 C:\\xampp\\htdocs\\api-jwt\\vendor\\illuminate\\database\\Seeder.php(149): Illuminate\\Container\\Container->call(Array, Array)
#18 C:\\xampp\\htdocs\\api-jwt\\vendor\\illuminate\\database\\Console\\Seeds\\SeedCommand.php(66): Illuminate\\Database\\Seeder->__invoke()
#19 C:\\xampp\\htdocs\\api-jwt\\vendor\\illuminate\\database\\Eloquent\\Concerns\\GuardsAttributes.php(157): Illuminate\\Database\\Console\\Seeds\\SeedCommand->Illuminate\\Database\\Console\\Seeds\\{closure}()
#20 C:\\xampp\\htdocs\\api-jwt\\vendor\\illuminate\\database\\Console\\Seeds\\SeedCommand.php(67): Illuminate\\Database\\Eloquent\\Model::unguarded(Object(Closure))
#21 C:\\xampp\\htdocs\\api-jwt\\vendor\\illuminate\\container\\BoundMethod.php(36): Illuminate\\Database\\Console\\Seeds\\SeedCommand->handle()
#22 C:\\xampp\\htdocs\\api-jwt\\vendor\\illuminate\\container\\Util.php(40): Illuminate\\Container\\BoundMethod::Illuminate\\Container\\{closure}()
#23 C:\\xampp\\htdocs\\api-jwt\\vendor\\illuminate\\container\\BoundMethod.php(93): Illuminate\\Container\\Util::unwrapIfClosure(Object(Closure))
#24 C:\\xampp\\htdocs\\api-jwt\\vendor\\illuminate\\container\\BoundMethod.php(37): Illuminate\\Container\\BoundMethod::callBoundMethod(Object(Laravel\\Lumen\\Application), Array, Object(Closure))
#25 C:\\xampp\\htdocs\\api-jwt\\vendor\\illuminate\\container\\Container.php(653): Illuminate\\Container\\BoundMethod::call(Object(Laravel\\Lumen\\Application), Array, Array, NULL)
#26 C:\\xampp\\htdocs\\api-jwt\\vendor\\illuminate\\console\\Command.php(136): Illuminate\\Container\\Container->call(Array)
#27 C:\\xampp\\htdocs\\api-jwt\\vendor\\symfony\\console\\Command\\Command.php(298): Illuminate\\Console\\Command->execute(Object(Symfony\\Component\\Console\\Input\\ArgvInput), Object(Illuminate\\Console\\OutputStyle))
#28 C:\\xampp\\htdocs\\api-jwt\\vendor\\illuminate\\console\\Command.php(121): Symfony\\Component\\Console\\Command\\Command->run(Object(Symfony\\Component\\Console\\Input\\ArgvInput), Object(Illuminate\\Console\\OutputStyle))
#29 C:\\xampp\\htdocs\\api-jwt\\vendor\\symfony\\console\\Application.php(1040): Illuminate\\Console\\Command->run(Object(Symfony\\Component\\Console\\Input\\ArgvInput), Object(Symfony\\Component\\Console\\Output\\ConsoleOutput))
#30 C:\\xampp\\htdocs\\api-jwt\\vendor\\symfony\\console\\Application.php(301): Symfony\\Component\\Console\\Application->doRunCommand(Object(Illuminate\\Database\\Console\\Seeds\\SeedCommand), Object(Symfony\\Component\\Console\\Input\\ArgvInput), Object(Symfony\\Component\\Console\\Output\\ConsoleOutput))
#31 C:\\xampp\\htdocs\\api-jwt\\vendor\\symfony\\console\\Application.php(171): Symfony\\Component\\Console\\Application->doRun(Object(Symfony\\Component\\Console\\Input\\ArgvInput), Object(Symfony\\Component\\Console\\Output\\ConsoleOutput))
#32 C:\\xampp\\htdocs\\api-jwt\\vendor\\illuminate\\console\\Application.php(94): Symfony\\Component\\Console\\Application->run(Object(Symfony\\Component\\Console\\Input\\ArgvInput), Object(Symfony\\Component\\Console\\Output\\ConsoleOutput))
#33 C:\\xampp\\htdocs\\api-jwt\\vendor\\laravel\\lumen-framework\\src\\Console\\Kernel.php(116): Illuminate\\Console\\Application->run(Object(Symfony\\Component\\Console\\Input\\ArgvInput), Object(Symfony\\Component\\Console\\Output\\ConsoleOutput))
#34 C:\\xampp\\htdocs\\api-jwt\\artisan(35): Laravel\\Lumen\\Console\\Kernel->handle(Object(Symfony\\Component\\Console\\Input\\ArgvInput), Object(Symfony\\Component\\Console\\Output\\ConsoleOutput))
#35 {main}
"} 
[2023-02-08 16:19:27] local.ERROR: Argument 1 passed to Illuminate\Auth\EloquentUserProvider::validateCredentials() must be an instance of Illuminate\Contracts\Auth\Authenticatable, instance of App\Models\User given, called in C:\xampp\htdocs\api-jwt\vendor\tymon\jwt-auth\src\JWTGuard.php on line 390 {"exception":"[object] (TypeError(code: 0): Argument 1 passed to Illuminate\\Auth\\EloquentUserProvider::validateCredentials() must be an instance of Illuminate\\Contracts\\Auth\\Authenticatable, instance of App\\Models\\User given, called in C:\\xampp\\htdocs\\api-jwt\\vendor\\tymon\\jwt-auth\\src\\JWTGuard.php on line 390 at C:\\xampp\\htdocs\\api-jwt\\vendor\\illuminate\\auth\\EloquentUserProvider.php:157)
[stacktrace]
#0 C:\\xampp\\htdocs\\api-jwt\\vendor\\tymon\\jwt-auth\\src\\JWTGuard.php(390): Illuminate\\Auth\\EloquentUserProvider->validateCredentials(Object(App\\Models\\User), Array)
#1 C:\\xampp\\htdocs\\api-jwt\\vendor\\tymon\\jwt-auth\\src\\JWTGuard.php(126): Tymon\\JWTAuth\\JWTGuard->hasValidCredentials(Object(App\\Models\\User), Array)
#2 C:\\xampp\\htdocs\\api-jwt\\vendor\\illuminate\\auth\\AuthManager.php(340): Tymon\\JWTAuth\\JWTGuard->attempt(Array)
#3 C:\\xampp\\htdocs\\api-jwt\\app\\Http\\Controllers\\AuthController.php(75): Illuminate\\Auth\\AuthManager->__call('attempt', Array)
#4 C:\\xampp\\htdocs\\api-jwt\\app\\Http\\Controllers\\AuthController.php(44): App\\Http\\Controllers\\AuthController->login(Object(Laravel\\Lumen\\Http\\Request))
#5 C:\\xampp\\htdocs\\api-jwt\\vendor\\illuminate\\container\\BoundMethod.php(36): App\\Http\\Controllers\\AuthController->novo_usuario(Object(Laravel\\Lumen\\Http\\Request))
#6 C:\\xampp\\htdocs\\api-jwt\\vendor\\illuminate\\container\\Util.php(40): Illuminate\\Container\\BoundMethod::Illuminate\\Container\\{closure}()
#7 C:\\xampp\\htdocs\\api-jwt\\vendor\\illuminate\\container\\BoundMethod.php(93): Illuminate\\Container\\Util::unwrapIfClosure(Object(Closure))
#8 C:\\xampp\\htdocs\\api-jwt\\vendor\\illuminate\\container\\BoundMethod.php(37): Illuminate\\Container\\BoundMethod::callBoundMethod(Object(Laravel\\Lumen\\Application), Array, Object(Closure))
#9 C:\\xampp\\htdocs\\api-jwt\\vendor\\illuminate\\container\\Container.php(653): Illuminate\\Container\\BoundMethod::call(Object(Laravel\\Lumen\\Application), Array, Array, NULL)
#10 C:\\xampp\\htdocs\\api-jwt\\vendor\\laravel\\lumen-framework\\src\\Concerns\\RoutesRequests.php(389): Illuminate\\Container\\Container->call(Array, Array)
#11 C:\\xampp\\htdocs\\api-jwt\\vendor\\laravel\\lumen-framework\\src\\Concerns\\RoutesRequests.php(355): Laravel\\Lumen\\Application->callControllerCallable(Array, Array)
#12 C:\\xampp\\htdocs\\api-jwt\\vendor\\laravel\\lumen-framework\\src\\Concerns\\RoutesRequests.php(329): Laravel\\Lumen\\Application->callLumenController(Object(App\\Http\\Controllers\\AuthController), 'novo_usuario', Array)
#13 C:\\xampp\\htdocs\\api-jwt\\vendor\\laravel\\lumen-framework\\src\\Concerns\\RoutesRequests.php(282): Laravel\\Lumen\\Application->callControllerAction(Array)
#14 C:\\xampp\\htdocs\\api-jwt\\vendor\\laravel\\lumen-framework\\src\\Concerns\\RoutesRequests.php(267): Laravel\\Lumen\\Application->callActionOnArrayBasedRoute(Array)
#15 C:\\xampp\\htdocs\\api-jwt\\vendor\\laravel\\lumen-framework\\src\\Concerns\\RoutesRequests.php(169): Laravel\\Lumen\\Application->handleFoundRoute(Array)
#16 C:\\xampp\\htdocs\\api-jwt\\vendor\\laravel\\lumen-framework\\src\\Concerns\\RoutesRequests.php(429): Laravel\\Lumen\\Application->Laravel\\Lumen\\Concerns\\{closure}(Object(Laravel\\Lumen\\Http\\Request))
#17 C:\\xampp\\htdocs\\api-jwt\\vendor\\laravel\\lumen-framework\\src\\Concerns\\RoutesRequests.php(175): Laravel\\Lumen\\Application->sendThroughPipeline(Array, Object(Closure))
#18 C:\\xampp\\htdocs\\api-jwt\\vendor\\laravel\\lumen-framework\\src\\Concerns\\RoutesRequests.php(112): Laravel\\Lumen\\Application->dispatch(NULL)
#19 C:\\xampp\\htdocs\\api-jwt\\public\\index.php(28): Laravel\\Lumen\\Application->run()
#20 {main}
"} 
[2023-02-08 16:20:53] local.ERROR: Argument 1 passed to Tymon\JWTAuth\JWTGuard::login() must be an instance of Tymon\JWTAuth\Contracts\JWTSubject, instance of App\Models\User given, called in C:\xampp\htdocs\api-jwt\vendor\tymon\jwt-auth\src\JWTGuard.php on line 127 {"exception":"[object] (TypeError(code: 0): Argument 1 passed to Tymon\\JWTAuth\\JWTGuard::login() must be an instance of Tymon\\JWTAuth\\Contracts\\JWTSubject, instance of App\\Models\\User given, called in C:\\xampp\\htdocs\\api-jwt\\vendor\\tymon\\jwt-auth\\src\\JWTGuard.php on line 127 at C:\\xampp\\htdocs\\api-jwt\\vendor\\tymon\\jwt-auth\\src\\JWTGuard.php:140)
[stacktrace]
#0 C:\\xampp\\htdocs\\api-jwt\\vendor\\tymon\\jwt-auth\\src\\JWTGuard.php(127): Tymon\\JWTAuth\\JWTGuard->login(Object(App\\Models\\User))
#1 C:\\xampp\\htdocs\\api-jwt\\vendor\\illuminate\\auth\\AuthManager.php(340): Tymon\\JWTAuth\\JWTGuard->attempt(Array)
#2 C:\\xampp\\htdocs\\api-jwt\\app\\Http\\Controllers\\AuthController.php(75): Illuminate\\Auth\\AuthManager->__call('attempt', Array)
#3 C:\\xampp\\htdocs\\api-jwt\\app\\Http\\Controllers\\AuthController.php(44): App\\Http\\Controllers\\AuthController->login(Object(Laravel\\Lumen\\Http\\Request))
#4 C:\\xampp\\htdocs\\api-jwt\\vendor\\illuminate\\container\\BoundMethod.php(36): App\\Http\\Controllers\\AuthController->novo_usuario(Object(Laravel\\Lumen\\Http\\Request))
#5 C:\\xampp\\htdocs\\api-jwt\\vendor\\illuminate\\container\\Util.php(40): Illuminate\\Container\\BoundMethod::Illuminate\\Container\\{closure}()
#6 C:\\xampp\\htdocs\\api-jwt\\vendor\\illuminate\\container\\BoundMethod.php(93): Illuminate\\Container\\Util::unwrapIfClosure(Object(Closure))
#7 C:\\xampp\\htdocs\\api-jwt\\vendor\\illuminate\\container\\BoundMethod.php(37): Illuminate\\Container\\BoundMethod::callBoundMethod(Object(Laravel\\Lumen\\Application), Array, Object(Closure))
#8 C:\\xampp\\htdocs\\api-jwt\\vendor\\illuminate\\container\\Container.php(653): Illuminate\\Container\\BoundMethod::call(Object(Laravel\\Lumen\\Application), Array, Array, NULL)
#9 C:\\xampp\\htdocs\\api-jwt\\vendor\\laravel\\lumen-framework\\src\\Concerns\\RoutesRequests.php(389): Illuminate\\Container\\Container->call(Array, Array)
#10 C:\\xampp\\htdocs\\api-jwt\\vendor\\laravel\\lumen-framework\\src\\Concerns\\RoutesRequests.php(355): Laravel\\Lumen\\Application->callControllerCallable(Array, Array)
#11 C:\\xampp\\htdocs\\api-jwt\\vendor\\laravel\\lumen-framework\\src\\Concerns\\RoutesRequests.php(329): Laravel\\Lumen\\Application->callLumenController(Object(App\\Http\\Controllers\\AuthController), 'novo_usuario', Array)
#12 C:\\xampp\\htdocs\\api-jwt\\vendor\\laravel\\lumen-framework\\src\\Concerns\\RoutesRequests.php(282): Laravel\\Lumen\\Application->callControllerAction(Array)
#13 C:\\xampp\\htdocs\\api-jwt\\vendor\\laravel\\lumen-framework\\src\\Concerns\\RoutesRequests.php(267): Laravel\\Lumen\\Application->callActionOnArrayBasedRoute(Array)
#14 C:\\xampp\\htdocs\\api-jwt\\vendor\\laravel\\lumen-framework\\src\\Concerns\\RoutesRequests.php(169): Laravel\\Lumen\\Application->handleFoundRoute(Array)
#15 C:\\xampp\\htdocs\\api-jwt\\vendor\\laravel\\lumen-framework\\src\\Concerns\\RoutesRequests.php(429): Laravel\\Lumen\\Application->Laravel\\Lumen\\Concerns\\{closure}(Object(Laravel\\Lumen\\Http\\Request))
#16 C:\\xampp\\htdocs\\api-jwt\\vendor\\laravel\\lumen-framework\\src\\Concerns\\RoutesRequests.php(175): Laravel\\Lumen\\Application->sendThroughPipeline(Array, Object(Closure))
#17 C:\\xampp\\htdocs\\api-jwt\\vendor\\laravel\\lumen-framework\\src\\Concerns\\RoutesRequests.php(112): Laravel\\Lumen\\Application->dispatch(NULL)
#18 C:\\xampp\\htdocs\\api-jwt\\public\\index.php(28): Laravel\\Lumen\\Application->run()
#19 {main}
"} 
[2023-02-08 16:30:21] local.ERROR: SQLSTATE[23000]: Integrity constraint violation: 1062 Duplicate entry 'Lumen Micro Framework - Guia (Incl. Eloquent, MySQL e JWT) alter' for key 'cursos_nome_unique' (SQL: update `cursos` set `nome` = Lumen Micro Framework - Guia (Incl. Eloquent, MySQL e JWT) alteradp, `cursos`.`updated_at` = 2023-02-08 16:30:21 where `id` = 31) {"exception":"[object] (Illuminate\\Database\\QueryException(code: 23000): SQLSTATE[23000]: Integrity constraint violation: 1062 Duplicate entry 'Lumen Micro Framework - Guia (Incl. Eloquent, MySQL e JWT) alter' for key 'cursos_nome_unique' (SQL: update `cursos` set `nome` = Lumen Micro Framework - Guia (Incl. Eloquent, MySQL e JWT) alteradp, `cursos`.`updated_at` = 2023-02-08 16:30:21 where `id` = 31) at C:\\xampp\\htdocs\\api-jwt\\vendor\\illuminate\\database\\Connection.php:712)
[stacktrace]
#0 C:\\xampp\\htdocs\\api-jwt\\vendor\\illuminate\\database\\Connection.php(672): Illuminate\\Database\\Connection->runQueryCallback('update `cursos`...', Array, Object(Closure))
#1 C:\\xampp\\htdocs\\api-jwt\\vendor\\illuminate\\database\\Connection.php(533): Illuminate\\Database\\Connection->run('update `cursos`...', Array, Object(Closure))
#2 C:\\xampp\\htdocs\\api-jwt\\vendor\\illuminate\\database\\Connection.php(466): Illuminate\\Database\\Connection->affectingStatement('update `cursos`...', Array)
#3 C:\\xampp\\htdocs\\api-jwt\\vendor\\illuminate\\database\\Query\\Builder.php(3063): Illuminate\\Database\\Connection->update('update `cursos`...', Array)
#4 C:\\xampp\\htdocs\\api-jwt\\vendor\\illuminate\\database\\Eloquent\\Builder.php(921): Illuminate\\Database\\Query\\Builder->update(Array)
#5 C:\\xampp\\htdocs\\api-jwt\\vendor\\illuminate\\database\\Eloquent\\Model.php(1072): Illuminate\\Database\\Eloquent\\Builder->update(Array)
#6 C:\\xampp\\htdocs\\api-jwt\\vendor\\illuminate\\database\\Eloquent\\Model.php(987): Illuminate\\Database\\Eloquent\\Model->performUpdate(Object(Illuminate\\Database\\Eloquent\\Builder))
#7 C:\\xampp\\htdocs\\api-jwt\\vendor\\illuminate\\database\\Eloquent\\Model.php(885): Illuminate\\Database\\Eloquent\\Model->save(Array)
#8 C:\\xampp\\htdocs\\api-jwt\\app\\Http\\Controllers\\CursoController.php(61): Illuminate\\Database\\Eloquent\\Model->update(Array)
#9 C:\\xampp\\htdocs\\api-jwt\\vendor\\illuminate\\container\\BoundMethod.php(36): App\\Http\\Controllers\\CursoController->update(31, Object(Laravel\\Lumen\\Http\\Request))
#10 C:\\xampp\\htdocs\\api-jwt\\vendor\\illuminate\\container\\Util.php(40): Illuminate\\Container\\BoundMethod::Illuminate\\Container\\{closure}()
#11 C:\\xampp\\htdocs\\api-jwt\\vendor\\illuminate\\container\\BoundMethod.php(93): Illuminate\\Container\\Util::unwrapIfClosure(Object(Closure))
#12 C:\\xampp\\htdocs\\api-jwt\\vendor\\illuminate\\container\\BoundMethod.php(37): Illuminate\\Container\\BoundMethod::callBoundMethod(Object(Laravel\\Lumen\\Application), Array, Object(Closure))
#13 C:\\xampp\\htdocs\\api-jwt\\vendor\\illuminate\\container\\Container.php(653): Illuminate\\Container\\BoundMethod::call(Object(Laravel\\Lumen\\Application), Array, Array, NULL)
#14 C:\\xampp\\htdocs\\api-jwt\\vendor\\laravel\\lumen-framework\\src\\Concerns\\RoutesRequests.php(389): Illuminate\\Container\\Container->call(Array, Array)
#15 C:\\xampp\\htdocs\\api-jwt\\vendor\\laravel\\lumen-framework\\src\\Concerns\\RoutesRequests.php(355): Laravel\\Lumen\\Application->callControllerCallable(Array, Array)
#16 C:\\xampp\\htdocs\\api-jwt\\vendor\\laravel\\lumen-framework\\src\\Concerns\\RoutesRequests.php(329): Laravel\\Lumen\\Application->callLumenController(Object(App\\Http\\Controllers\\CursoController), 'update', Array)
#17 C:\\xampp\\htdocs\\api-jwt\\vendor\\laravel\\lumen-framework\\src\\Concerns\\RoutesRequests.php(282): Laravel\\Lumen\\Application->callControllerAction(Array)
#18 C:\\xampp\\htdocs\\api-jwt\\vendor\\laravel\\lumen-framework\\src\\Concerns\\RoutesRequests.php(262): Laravel\\Lumen\\Application->callActionOnArrayBasedRoute(Array)
#19 C:\\xampp\\htdocs\\api-jwt\\vendor\\laravel\\lumen-framework\\src\\Routing\\Pipeline.php(48): Laravel\\Lumen\\Application->Laravel\\Lumen\\Concerns\\{closure}(Object(Laravel\\Lumen\\Http\\Request))
#20 C:\\xampp\\htdocs\\api-jwt\\app\\Http\\Middleware\\Authenticate.php(42): Laravel\\Lumen\\Routing\\Pipeline->Laravel\\Lumen\\Routing\\{closure}(Object(Laravel\\Lumen\\Http\\Request))
#21 C:\\xampp\\htdocs\\api-jwt\\vendor\\illuminate\\pipeline\\Pipeline.php(167): App\\Http\\Middleware\\Authenticate->handle(Object(Laravel\\Lumen\\Http\\Request), Object(Closure))
#22 C:\\xampp\\htdocs\\api-jwt\\vendor\\laravel\\lumen-framework\\src\\Routing\\Pipeline.php(30): Illuminate\\Pipeline\\Pipeline->Illuminate\\Pipeline\\{closure}(Object(Laravel\\Lumen\\Http\\Request))
#23 C:\\xampp\\htdocs\\api-jwt\\vendor\\illuminate\\pipeline\\Pipeline.php(103): Laravel\\Lumen\\Routing\\Pipeline->Laravel\\Lumen\\Routing\\{closure}(Object(Laravel\\Lumen\\Http\\Request))
#24 C:\\xampp\\htdocs\\api-jwt\\vendor\\laravel\\lumen-framework\\src\\Concerns\\RoutesRequests.php(426): Illuminate\\Pipeline\\Pipeline->then(Object(Closure))
#25 C:\\xampp\\htdocs\\api-jwt\\vendor\\laravel\\lumen-framework\\src\\Concerns\\RoutesRequests.php(263): Laravel\\Lumen\\Application->sendThroughPipeline(Array, Object(Closure))
#26 C:\\xampp\\htdocs\\api-jwt\\vendor\\laravel\\lumen-framework\\src\\Concerns\\RoutesRequests.php(237): Laravel\\Lumen\\Application->handleFoundRoute(Array)
#27 C:\\xampp\\htdocs\\api-jwt\\vendor\\laravel\\lumen-framework\\src\\Concerns\\RoutesRequests.php(173): Laravel\\Lumen\\Application->handleDispatcherResponse(Array)
#28 C:\\xampp\\htdocs\\api-jwt\\vendor\\laravel\\lumen-framework\\src\\Concerns\\RoutesRequests.php(429): Laravel\\Lumen\\Application->Laravel\\Lumen\\Concerns\\{closure}(Object(Laravel\\Lumen\\Http\\Request))
#29 C:\\xampp\\htdocs\\api-jwt\\vendor\\laravel\\lumen-framework\\src\\Concerns\\RoutesRequests.php(175): Laravel\\Lumen\\Application->sendThroughPipeline(Array, Object(Closure))
#30 C:\\xampp\\htdocs\\api-jwt\\vendor\\laravel\\lumen-framework\\src\\Concerns\\RoutesRequests.php(112): Laravel\\Lumen\\Application->dispatch(NULL)
#31 C:\\xampp\\htdocs\\api-jwt\\public\\index.php(28): Laravel\\Lumen\\Application->run()
#32 {main}

[previous exception] [object] (PDOException(code: 23000): SQLSTATE[23000]: Integrity constraint violation: 1062 Duplicate entry 'Lumen Micro Framework - Guia (Incl. Eloquent, MySQL e JWT) alter' for key 'cursos_nome_unique' at C:\\xampp\\htdocs\\api-jwt\\vendor\\illuminate\\database\\Connection.php:526)
[stacktrace]
#0 C:\\xampp\\htdocs\\api-jwt\\vendor\\illuminate\\database\\Connection.php(526): PDOStatement->execute()
#1 C:\\xampp\\htdocs\\api-jwt\\vendor\\illuminate\\database\\Connection.php(705): Illuminate\\Database\\Connection->Illuminate\\Database\\{closure}('update `cursos`...', Array)
#2 C:\\xampp\\htdocs\\api-jwt\\vendor\\illuminate\\database\\Connection.php(672): Illuminate\\Database\\Connection->runQueryCallback('update `cursos`...', Array, Object(Closure))
#3 C:\\xampp\\htdocs\\api-jwt\\vendor\\illuminate\\database\\Connection.php(533): Illuminate\\Database\\Connection->run('update `cursos`...', Array, Object(Closure))
#4 C:\\xampp\\htdocs\\api-jwt\\vendor\\illuminate\\database\\Connection.php(466): Illuminate\\Database\\Connection->affectingStatement('update `cursos`...', Array)
#5 C:\\xampp\\htdocs\\api-jwt\\vendor\\illuminate\\database\\Query\\Builder.php(3063): Illuminate\\Database\\Connection->update('update `cursos`...', Array)
#6 C:\\xampp\\htdocs\\api-jwt\\vendor\\illuminate\\database\\Eloquent\\Builder.php(921): Illuminate\\Database\\Query\\Builder->update(Array)
#7 C:\\xampp\\htdocs\\api-jwt\\vendor\\illuminate\\database\\Eloquent\\Model.php(1072): Illuminate\\Database\\Eloquent\\Builder->update(Array)
#8 C:\\xampp\\htdocs\\api-jwt\\vendor\\illuminate\\database\\Eloquent\\Model.php(987): Illuminate\\Database\\Eloquent\\Model->performUpdate(Object(Illuminate\\Database\\Eloquent\\Builder))
#9 C:\\xampp\\htdocs\\api-jwt\\vendor\\illuminate\\database\\Eloquent\\Model.php(885): Illuminate\\Database\\Eloquent\\Model->save(Array)
#10 C:\\xampp\\htdocs\\api-jwt\\app\\Http\\Controllers\\CursoController.php(61): Illuminate\\Database\\Eloquent\\Model->update(Array)
#11 C:\\xampp\\htdocs\\api-jwt\\vendor\\illuminate\\container\\BoundMethod.php(36): App\\Http\\Controllers\\CursoController->update(31, Object(Laravel\\Lumen\\Http\\Request))
#12 C:\\xampp\\htdocs\\api-jwt\\vendor\\illuminate\\container\\Util.php(40): Illuminate\\Container\\BoundMethod::Illuminate\\Container\\{closure}()
#13 C:\\xampp\\htdocs\\api-jwt\\vendor\\illuminate\\container\\BoundMethod.php(93): Illuminate\\Container\\Util::unwrapIfClosure(Object(Closure))
#14 C:\\xampp\\htdocs\\api-jwt\\vendor\\illuminate\\container\\BoundMethod.php(37): Illuminate\\Container\\BoundMethod::callBoundMethod(Object(Laravel\\Lumen\\Application), Array, Object(Closure))
#15 C:\\xampp\\htdocs\\api-jwt\\vendor\\illuminate\\container\\Container.php(653): Illuminate\\Container\\BoundMethod::call(Object(Laravel\\Lumen\\Application), Array, Array, NULL)
#16 C:\\xampp\\htdocs\\api-jwt\\vendor\\laravel\\lumen-framework\\src\\Concerns\\RoutesRequests.php(389): Illuminate\\Container\\Container->call(Array, Array)
#17 C:\\xampp\\htdocs\\api-jwt\\vendor\\laravel\\lumen-framework\\src\\Concerns\\RoutesRequests.php(355): Laravel\\Lumen\\Application->callControllerCallable(Array, Array)
#18 C:\\xampp\\htdocs\\api-jwt\\vendor\\laravel\\lumen-framework\\src\\Concerns\\RoutesRequests.php(329): Laravel\\Lumen\\Application->callLumenController(Object(App\\Http\\Controllers\\CursoController), 'update', Array)
#19 C:\\xampp\\htdocs\\api-jwt\\vendor\\laravel\\lumen-framework\\src\\Concerns\\RoutesRequests.php(282): Laravel\\Lumen\\Application->callControllerAction(Array)
#20 C:\\xampp\\htdocs\\api-jwt\\vendor\\laravel\\lumen-framework\\src\\Concerns\\RoutesRequests.php(262): Laravel\\Lumen\\Application->callActionOnArrayBasedRoute(Array)
#21 C:\\xampp\\htdocs\\api-jwt\\vendor\\laravel\\lumen-framework\\src\\Routing\\Pipeline.php(48): Laravel\\Lumen\\Application->Laravel\\Lumen\\Concerns\\{closure}(Object(Laravel\\Lumen\\Http\\Request))
#22 C:\\xampp\\htdocs\\api-jwt\\app\\Http\\Middleware\\Authenticate.php(42): Laravel\\Lumen\\Routing\\Pipeline->Laravel\\Lumen\\Routing\\{closure}(Object(Laravel\\Lumen\\Http\\Request))
#23 C:\\xampp\\htdocs\\api-jwt\\vendor\\illuminate\\pipeline\\Pipeline.php(167): App\\Http\\Middleware\\Authenticate->handle(Object(Laravel\\Lumen\\Http\\Request), Object(Closure))
#24 C:\\xampp\\htdocs\\api-jwt\\vendor\\laravel\\lumen-framework\\src\\Routing\\Pipeline.php(30): Illuminate\\Pipeline\\Pipeline->Illuminate\\Pipeline\\{closure}(Object(Laravel\\Lumen\\Http\\Request))
#25 C:\\xampp\\htdocs\\api-jwt\\vendor\\illuminate\\pipeline\\Pipeline.php(103): Laravel\\Lumen\\Routing\\Pipeline->Laravel\\Lumen\\Routing\\{closure}(Object(Laravel\\Lumen\\Http\\Request))
#26 C:\\xampp\\htdocs\\api-jwt\\vendor\\laravel\\lumen-framework\\src\\Concerns\\RoutesRequests.php(426): Illuminate\\Pipeline\\Pipeline->then(Object(Closure))
#27 C:\\xampp\\htdocs\\api-jwt\\vendor\\laravel\\lumen-framework\\src\\Concerns\\RoutesRequests.php(263): Laravel\\Lumen\\Application->sendThroughPipeline(Array, Object(Closure))
#28 C:\\xampp\\htdocs\\api-jwt\\vendor\\laravel\\lumen-framework\\src\\Concerns\\RoutesRequests.php(237): Laravel\\Lumen\\Application->handleFoundRoute(Array)
#29 C:\\xampp\\htdocs\\api-jwt\\vendor\\laravel\\lumen-framework\\src\\Concerns\\RoutesRequests.php(173): Laravel\\Lumen\\Application->handleDispatcherResponse(Array)
#30 C:\\xampp\\htdocs\\api-jwt\\vendor\\laravel\\lumen-framework\\src\\Concerns\\RoutesRequests.php(429): Laravel\\Lumen\\Application->Laravel\\Lumen\\Concerns\\{closure}(Object(Laravel\\Lumen\\Http\\Request))
#31 C:\\xampp\\htdocs\\api-jwt\\vendor\\laravel\\lumen-framework\\src\\Concerns\\RoutesRequests.php(175): Laravel\\Lumen\\Application->sendThroughPipeline(Array, Object(Closure))
#32 C:\\xampp\\htdocs\\api-jwt\\vendor\\laravel\\lumen-framework\\src\\Concerns\\RoutesRequests.php(112): Laravel\\Lumen\\Application->dispatch(NULL)
#33 C:\\xampp\\htdocs\\api-jwt\\public\\index.php(28): Laravel\\Lumen\\Application->run()
#34 {main}
"} 
[2023-02-08 20:25:22] local.ERROR: SQLSTATE[23000]: Integrity constraint violation: 1062 Duplicate entry 'Lumen Micro Framework - Guia (Incl. Eloquent, MySQL e JWT)' for key 'cursos_nome_unique' (SQL: insert into `cursos` (`nome`, `descricao`, `requisitos`, `preco`, `updated_at`, `created_at`) values (Lumen Micro Framework - Guia (Incl. Eloquent, MySQL e JWT), Lumen é fantástico para fazer REST APIs. Aprenda neste curso os fundamentos e a Utilizá-lo com Eloquent, Mysql e JWT.,  - Fundamentos de PHP são absolutamente necessários.<br> - Não precisa ser um especialista em PHP para fazer este curso.<br> - Ter Composer + PHP 7.* instalados na máquina., 1452.33, 2023-02-08 20:25:22, 2023-02-08 20:25:22)) {"exception":"[object] (Illuminate\\Database\\QueryException(code: 23000): SQLSTATE[23000]: Integrity constraint violation: 1062 Duplicate entry 'Lumen Micro Framework - Guia (Incl. Eloquent, MySQL e JWT)' for key 'cursos_nome_unique' (SQL: insert into `cursos` (`nome`, `descricao`, `requisitos`, `preco`, `updated_at`, `created_at`) values (Lumen Micro Framework - Guia (Incl. Eloquent, MySQL e JWT), Lumen é fantástico para fazer REST APIs. Aprenda neste curso os fundamentos e a Utilizá-lo com Eloquent, Mysql e JWT.,  - Fundamentos de PHP são absolutamente necessários.<br> - Não precisa ser um especialista em PHP para fazer este curso.<br> - Ter Composer + PHP 7.* instalados na máquina., 1452.33, 2023-02-08 20:25:22, 2023-02-08 20:25:22)) at C:\\xampp\\htdocs\\api-jwt\\vendor\\illuminate\\database\\Connection.php:712)
[stacktrace]
#0 C:\\xampp\\htdocs\\api-jwt\\vendor\\illuminate\\database\\Connection.php(672): Illuminate\\Database\\Connection->runQueryCallback('insert into `cu...', Array, Object(Closure))
#1 C:\\xampp\\htdocs\\api-jwt\\vendor\\illuminate\\database\\Connection.php(502): Illuminate\\Database\\Connection->run('insert into `cu...', Array, Object(Closure))
#2 C:\\xampp\\htdocs\\api-jwt\\vendor\\illuminate\\database\\Connection.php(454): Illuminate\\Database\\Connection->statement('insert into `cu...', Array)
#3 C:\\xampp\\htdocs\\api-jwt\\vendor\\illuminate\\database\\Query\\Processors\\Processor.php(32): Illuminate\\Database\\Connection->insert('insert into `cu...', Array)
#4 C:\\xampp\\htdocs\\api-jwt\\vendor\\illuminate\\database\\Query\\Builder.php(3028): Illuminate\\Database\\Query\\Processors\\Processor->processInsertGetId(Object(Illuminate\\Database\\Query\\Builder), 'insert into `cu...', Array, 'id')
#5 C:\\xampp\\htdocs\\api-jwt\\vendor\\illuminate\\database\\Eloquent\\Builder.php(1657): Illuminate\\Database\\Query\\Builder->insertGetId(Array, 'id')
#6 C:\\xampp\\htdocs\\api-jwt\\vendor\\illuminate\\database\\Eloquent\\Model.php(1188): Illuminate\\Database\\Eloquent\\Builder->__call('insertGetId', Array)
#7 C:\\xampp\\htdocs\\api-jwt\\vendor\\illuminate\\database\\Eloquent\\Model.php(1153): Illuminate\\Database\\Eloquent\\Model->insertAndSetId(Object(Illuminate\\Database\\Eloquent\\Builder), Array)
#8 C:\\xampp\\htdocs\\api-jwt\\vendor\\illuminate\\database\\Eloquent\\Model.php(994): Illuminate\\Database\\Eloquent\\Model->performInsert(Object(Illuminate\\Database\\Eloquent\\Builder))
#9 C:\\xampp\\htdocs\\api-jwt\\vendor\\illuminate\\database\\Eloquent\\Builder.php(896): Illuminate\\Database\\Eloquent\\Model->save()
#10 C:\\xampp\\htdocs\\api-jwt\\vendor\\illuminate\\support\\helpers.php(263): Illuminate\\Database\\Eloquent\\Builder->Illuminate\\Database\\Eloquent\\{closure}(Object(App\\Models\\Curso))
#11 C:\\xampp\\htdocs\\api-jwt\\vendor\\illuminate\\database\\Eloquent\\Builder.php(897): tap(Object(App\\Models\\Curso), Object(Closure))
#12 C:\\xampp\\htdocs\\api-jwt\\vendor\\illuminate\\support\\Traits\\ForwardsCalls.php(23): Illuminate\\Database\\Eloquent\\Builder->create(Array)
#13 C:\\xampp\\htdocs\\api-jwt\\vendor\\illuminate\\database\\Eloquent\\Model.php(2132): Illuminate\\Database\\Eloquent\\Model->forwardCallTo(Object(Illuminate\\Database\\Eloquent\\Builder), 'create', Array)
#14 C:\\xampp\\htdocs\\api-jwt\\app\\Http\\Controllers\\CursoController.php(43): Illuminate\\Database\\Eloquent\\Model->__call('create', Array)
#15 C:\\xampp\\htdocs\\api-jwt\\vendor\\illuminate\\container\\BoundMethod.php(36): App\\Http\\Controllers\\CursoController->store(Object(Laravel\\Lumen\\Http\\Request))
#16 C:\\xampp\\htdocs\\api-jwt\\vendor\\illuminate\\container\\Util.php(40): Illuminate\\Container\\BoundMethod::Illuminate\\Container\\{closure}()
#17 C:\\xampp\\htdocs\\api-jwt\\vendor\\illuminate\\container\\BoundMethod.php(93): Illuminate\\Container\\Util::unwrapIfClosure(Object(Closure))
#18 C:\\xampp\\htdocs\\api-jwt\\vendor\\illuminate\\container\\BoundMethod.php(37): Illuminate\\Container\\BoundMethod::callBoundMethod(Object(Laravel\\Lumen\\Application), Array, Object(Closure))
#19 C:\\xampp\\htdocs\\api-jwt\\vendor\\illuminate\\container\\Container.php(653): Illuminate\\Container\\BoundMethod::call(Object(Laravel\\Lumen\\Application), Array, Array, NULL)
#20 C:\\xampp\\htdocs\\api-jwt\\vendor\\laravel\\lumen-framework\\src\\Concerns\\RoutesRequests.php(389): Illuminate\\Container\\Container->call(Array, Array)
#21 C:\\xampp\\htdocs\\api-jwt\\vendor\\laravel\\lumen-framework\\src\\Concerns\\RoutesRequests.php(355): Laravel\\Lumen\\Application->callControllerCallable(Array, Array)
#22 C:\\xampp\\htdocs\\api-jwt\\vendor\\laravel\\lumen-framework\\src\\Concerns\\RoutesRequests.php(329): Laravel\\Lumen\\Application->callLumenController(Object(App\\Http\\Controllers\\CursoController), 'store', Array)
#23 C:\\xampp\\htdocs\\api-jwt\\vendor\\laravel\\lumen-framework\\src\\Concerns\\RoutesRequests.php(282): Laravel\\Lumen\\Application->callControllerAction(Array)
#24 C:\\xampp\\htdocs\\api-jwt\\vendor\\laravel\\lumen-framework\\src\\Concerns\\RoutesRequests.php(262): Laravel\\Lumen\\Application->callActionOnArrayBasedRoute(Array)
#25 C:\\xampp\\htdocs\\api-jwt\\vendor\\laravel\\lumen-framework\\src\\Routing\\Pipeline.php(48): Laravel\\Lumen\\Application->Laravel\\Lumen\\Concerns\\{closure}(Object(Laravel\\Lumen\\Http\\Request))
#26 C:\\xampp\\htdocs\\api-jwt\\app\\Http\\Middleware\\Authenticate.php(42): Laravel\\Lumen\\Routing\\Pipeline->Laravel\\Lumen\\Routing\\{closure}(Object(Laravel\\Lumen\\Http\\Request))
#27 C:\\xampp\\htdocs\\api-jwt\\vendor\\illuminate\\pipeline\\Pipeline.php(167): App\\Http\\Middleware\\Authenticate->handle(Object(Laravel\\Lumen\\Http\\Request), Object(Closure))
#28 C:\\xampp\\htdocs\\api-jwt\\vendor\\laravel\\lumen-framework\\src\\Routing\\Pipeline.php(30): Illuminate\\Pipeline\\Pipeline->Illuminate\\Pipeline\\{closure}(Object(Laravel\\Lumen\\Http\\Request))
#29 C:\\xampp\\htdocs\\api-jwt\\vendor\\illuminate\\pipeline\\Pipeline.php(103): Laravel\\Lumen\\Routing\\Pipeline->Laravel\\Lumen\\Routing\\{closure}(Object(Laravel\\Lumen\\Http\\Request))
#30 C:\\xampp\\htdocs\\api-jwt\\vendor\\laravel\\lumen-framework\\src\\Concerns\\RoutesRequests.php(426): Illuminate\\Pipeline\\Pipeline->then(Object(Closure))
#31 C:\\xampp\\htdocs\\api-jwt\\vendor\\laravel\\lumen-framework\\src\\Concerns\\RoutesRequests.php(263): Laravel\\Lumen\\Application->sendThroughPipeline(Array, Object(Closure))
#32 C:\\xampp\\htdocs\\api-jwt\\vendor\\laravel\\lumen-framework\\src\\Concerns\\RoutesRequests.php(169): Laravel\\Lumen\\Application->handleFoundRoute(Array)
#33 C:\\xampp\\htdocs\\api-jwt\\vendor\\laravel\\lumen-framework\\src\\Concerns\\RoutesRequests.php(429): Laravel\\Lumen\\Application->Laravel\\Lumen\\Concerns\\{closure}(Object(Laravel\\Lumen\\Http\\Request))
#34 C:\\xampp\\htdocs\\api-jwt\\vendor\\laravel\\lumen-framework\\src\\Concerns\\RoutesRequests.php(175): Laravel\\Lumen\\Application->sendThroughPipeline(Array, Object(Closure))
#35 C:\\xampp\\htdocs\\api-jwt\\vendor\\laravel\\lumen-framework\\src\\Concerns\\RoutesRequests.php(112): Laravel\\Lumen\\Application->dispatch(NULL)
#36 C:\\xampp\\htdocs\\api-jwt\\public\\index.php(28): Laravel\\Lumen\\Application->run()
#37 {main}

[previous exception] [object] (PDOException(code: 23000): SQLSTATE[23000]: Integrity constraint violation: 1062 Duplicate entry 'Lumen Micro Framework - Guia (Incl. Eloquent, MySQL e JWT)' for key 'cursos_nome_unique' at C:\\xampp\\htdocs\\api-jwt\\vendor\\illuminate\\database\\Connection.php:501)
[stacktrace]
#0 C:\\xampp\\htdocs\\api-jwt\\vendor\\illuminate\\database\\Connection.php(501): PDOStatement->execute()
#1 C:\\xampp\\htdocs\\api-jwt\\vendor\\illuminate\\database\\Connection.php(705): Illuminate\\Database\\Connection->Illuminate\\Database\\{closure}('insert into `cu...', Array)
#2 C:\\xampp\\htdocs\\api-jwt\\vendor\\illuminate\\database\\Connection.php(672): Illuminate\\Database\\Connection->runQueryCallback('insert into `cu...', Array, Object(Closure))
#3 C:\\xampp\\htdocs\\api-jwt\\vendor\\illuminate\\database\\Connection.php(502): Illuminate\\Database\\Connection->run('insert into `cu...', Array, Object(Closure))
#4 C:\\xampp\\htdocs\\api-jwt\\vendor\\illuminate\\database\\Connection.php(454): Illuminate\\Database\\Connection->statement('insert into `cu...', Array)
#5 C:\\xampp\\htdocs\\api-jwt\\vendor\\illuminate\\database\\Query\\Processors\\Processor.php(32): Illuminate\\Database\\Connection->insert('insert into `cu...', Array)
#6 C:\\xampp\\htdocs\\api-jwt\\vendor\\illuminate\\database\\Query\\Builder.php(3028): Illuminate\\Database\\Query\\Processors\\Processor->processInsertGetId(Object(Illuminate\\Database\\Query\\Builder), 'insert into `cu...', Array, 'id')
#7 C:\\xampp\\htdocs\\api-jwt\\vendor\\illuminate\\database\\Eloquent\\Builder.php(1657): Illuminate\\Database\\Query\\Builder->insertGetId(Array, 'id')
#8 C:\\xampp\\htdocs\\api-jwt\\vendor\\illuminate\\database\\Eloquent\\Model.php(1188): Illuminate\\Database\\Eloquent\\Builder->__call('insertGetId', Array)
#9 C:\\xampp\\htdocs\\api-jwt\\vendor\\illuminate\\database\\Eloquent\\Model.php(1153): Illuminate\\Database\\Eloquent\\Model->insertAndSetId(Object(Illuminate\\Database\\Eloquent\\Builder), Array)
#10 C:\\xampp\\htdocs\\api-jwt\\vendor\\illuminate\\database\\Eloquent\\Model.php(994): Illuminate\\Database\\Eloquent\\Model->performInsert(Object(Illuminate\\Database\\Eloquent\\Builder))
#11 C:\\xampp\\htdocs\\api-jwt\\vendor\\illuminate\\database\\Eloquent\\Builder.php(896): Illuminate\\Database\\Eloquent\\Model->save()
#12 C:\\xampp\\htdocs\\api-jwt\\vendor\\illuminate\\support\\helpers.php(263): Illuminate\\Database\\Eloquent\\Builder->Illuminate\\Database\\Eloquent\\{closure}(Object(App\\Models\\Curso))
#13 C:\\xampp\\htdocs\\api-jwt\\vendor\\illuminate\\database\\Eloquent\\Builder.php(897): tap(Object(App\\Models\\Curso), Object(Closure))
#14 C:\\xampp\\htdocs\\api-jwt\\vendor\\illuminate\\support\\Traits\\ForwardsCalls.php(23): Illuminate\\Database\\Eloquent\\Builder->create(Array)
#15 C:\\xampp\\htdocs\\api-jwt\\vendor\\illuminate\\database\\Eloquent\\Model.php(2132): Illuminate\\Database\\Eloquent\\Model->forwardCallTo(Object(Illuminate\\Database\\Eloquent\\Builder), 'create', Array)
#16 C:\\xampp\\htdocs\\api-jwt\\app\\Http\\Controllers\\CursoController.php(43): Illuminate\\Database\\Eloquent\\Model->__call('create', Array)
#17 C:\\xampp\\htdocs\\api-jwt\\vendor\\illuminate\\container\\BoundMethod.php(36): App\\Http\\Controllers\\CursoController->store(Object(Laravel\\Lumen\\Http\\Request))
#18 C:\\xampp\\htdocs\\api-jwt\\vendor\\illuminate\\container\\Util.php(40): Illuminate\\Container\\BoundMethod::Illuminate\\Container\\{closure}()
#19 C:\\xampp\\htdocs\\api-jwt\\vendor\\illuminate\\container\\BoundMethod.php(93): Illuminate\\Container\\Util::unwrapIfClosure(Object(Closure))
#20 C:\\xampp\\htdocs\\api-jwt\\vendor\\illuminate\\container\\BoundMethod.php(37): Illuminate\\Container\\BoundMethod::callBoundMethod(Object(Laravel\\Lumen\\Application), Array, Object(Closure))
#21 C:\\xampp\\htdocs\\api-jwt\\vendor\\illuminate\\container\\Container.php(653): Illuminate\\Container\\BoundMethod::call(Object(Laravel\\Lumen\\Application), Array, Array, NULL)
#22 C:\\xampp\\htdocs\\api-jwt\\vendor\\laravel\\lumen-framework\\src\\Concerns\\RoutesRequests.php(389): Illuminate\\Container\\Container->call(Array, Array)
#23 C:\\xampp\\htdocs\\api-jwt\\vendor\\laravel\\lumen-framework\\src\\Concerns\\RoutesRequests.php(355): Laravel\\Lumen\\Application->callControllerCallable(Array, Array)
#24 C:\\xampp\\htdocs\\api-jwt\\vendor\\laravel\\lumen-framework\\src\\Concerns\\RoutesRequests.php(329): Laravel\\Lumen\\Application->callLumenController(Object(App\\Http\\Controllers\\CursoController), 'store', Array)
#25 C:\\xampp\\htdocs\\api-jwt\\vendor\\laravel\\lumen-framework\\src\\Concerns\\RoutesRequests.php(282): Laravel\\Lumen\\Application->callControllerAction(Array)
#26 C:\\xampp\\htdocs\\api-jwt\\vendor\\laravel\\lumen-framework\\src\\Concerns\\RoutesRequests.php(262): Laravel\\Lumen\\Application->callActionOnArrayBasedRoute(Array)
#27 C:\\xampp\\htdocs\\api-jwt\\vendor\\laravel\\lumen-framework\\src\\Routing\\Pipeline.php(48): Laravel\\Lumen\\Application->Laravel\\Lumen\\Concerns\\{closure}(Object(Laravel\\Lumen\\Http\\Request))
#28 C:\\xampp\\htdocs\\api-jwt\\app\\Http\\Middleware\\Authenticate.php(42): Laravel\\Lumen\\Routing\\Pipeline->Laravel\\Lumen\\Routing\\{closure}(Object(Laravel\\Lumen\\Http\\Request))
#29 C:\\xampp\\htdocs\\api-jwt\\vendor\\illuminate\\pipeline\\Pipeline.php(167): App\\Http\\Middleware\\Authenticate->handle(Object(Laravel\\Lumen\\Http\\Request), Object(Closure))
#30 C:\\xampp\\htdocs\\api-jwt\\vendor\\laravel\\lumen-framework\\src\\Routing\\Pipeline.php(30): Illuminate\\Pipeline\\Pipeline->Illuminate\\Pipeline\\{closure}(Object(Laravel\\Lumen\\Http\\Request))
#31 C:\\xampp\\htdocs\\api-jwt\\vendor\\illuminate\\pipeline\\Pipeline.php(103): Laravel\\Lumen\\Routing\\Pipeline->Laravel\\Lumen\\Routing\\{closure}(Object(Laravel\\Lumen\\Http\\Request))
#32 C:\\xampp\\htdocs\\api-jwt\\vendor\\laravel\\lumen-framework\\src\\Concerns\\RoutesRequests.php(426): Illuminate\\Pipeline\\Pipeline->then(Object(Closure))
#33 C:\\xampp\\htdocs\\api-jwt\\vendor\\laravel\\lumen-framework\\src\\Concerns\\RoutesRequests.php(263): Laravel\\Lumen\\Application->sendThroughPipeline(Array, Object(Closure))
#34 C:\\xampp\\htdocs\\api-jwt\\vendor\\laravel\\lumen-framework\\src\\Concerns\\RoutesRequests.php(169): Laravel\\Lumen\\Application->handleFoundRoute(Array)
#35 C:\\xampp\\htdocs\\api-jwt\\vendor\\laravel\\lumen-framework\\src\\Concerns\\RoutesRequests.php(429): Laravel\\Lumen\\Application->Laravel\\Lumen\\Concerns\\{closure}(Object(Laravel\\Lumen\\Http\\Request))
#36 C:\\xampp\\htdocs\\api-jwt\\vendor\\laravel\\lumen-framework\\src\\Concerns\\RoutesRequests.php(175): Laravel\\Lumen\\Application->sendThroughPipeline(Array, Object(Closure))
#37 C:\\xampp\\htdocs\\api-jwt\\vendor\\laravel\\lumen-framework\\src\\Concerns\\RoutesRequests.php(112): Laravel\\Lumen\\Application->dispatch(NULL)
#38 C:\\xampp\\htdocs\\api-jwt\\public\\index.php(28): Laravel\\Lumen\\Application->run()
#39 {main}
"} 
[2023-02-08 20:25:44] local.ERROR: SQLSTATE[23000]: Integrity constraint violation: 1062 Duplicate entry 'Lumen Micro Framework - Guia (Incl. Eloquent, MySQL e JWT)f' for key 'cursos_nome_unique' (SQL: insert into `cursos` (`nome`, `descricao`, `requisitos`, `preco`, `updated_at`, `created_at`) values (Lumen Micro Framework - Guia (Incl. Eloquent, MySQL e JWT)f, Lumen é fantástico para fazer REST APIs. Aprenda neste curso os fundamentos e a Utilizá-lo com Eloquent, Mysql e JWT.,  - Fundamentos de PHP são absolutamente necessários.<br> - Não precisa ser um especialista em PHP para fazer este curso.<br> - Ter Composer + PHP 7.* instalados na máquina., 1452.33, 2023-02-08 20:25:44, 2023-02-08 20:25:44)) {"exception":"[object] (Illuminate\\Database\\QueryException(code: 23000): SQLSTATE[23000]: Integrity constraint violation: 1062 Duplicate entry 'Lumen Micro Framework - Guia (Incl. Eloquent, MySQL e JWT)f' for key 'cursos_nome_unique' (SQL: insert into `cursos` (`nome`, `descricao`, `requisitos`, `preco`, `updated_at`, `created_at`) values (Lumen Micro Framework - Guia (Incl. Eloquent, MySQL e JWT)f, Lumen é fantástico para fazer REST APIs. Aprenda neste curso os fundamentos e a Utilizá-lo com Eloquent, Mysql e JWT.,  - Fundamentos de PHP são absolutamente necessários.<br> - Não precisa ser um especialista em PHP para fazer este curso.<br> - Ter Composer + PHP 7.* instalados na máquina., 1452.33, 2023-02-08 20:25:44, 2023-02-08 20:25:44)) at C:\\xampp\\htdocs\\api-jwt\\vendor\\illuminate\\database\\Connection.php:712)
[stacktrace]
#0 C:\\xampp\\htdocs\\api-jwt\\vendor\\illuminate\\database\\Connection.php(672): Illuminate\\Database\\Connection->runQueryCallback('insert into `cu...', Array, Object(Closure))
#1 C:\\xampp\\htdocs\\api-jwt\\vendor\\illuminate\\database\\Connection.php(502): Illuminate\\Database\\Connection->run('insert into `cu...', Array, Object(Closure))
#2 C:\\xampp\\htdocs\\api-jwt\\vendor\\illuminate\\database\\Connection.php(454): Illuminate\\Database\\Connection->statement('insert into `cu...', Array)
#3 C:\\xampp\\htdocs\\api-jwt\\vendor\\illuminate\\database\\Query\\Processors\\Processor.php(32): Illuminate\\Database\\Connection->insert('insert into `cu...', Array)
#4 C:\\xampp\\htdocs\\api-jwt\\vendor\\illuminate\\database\\Query\\Builder.php(3028): Illuminate\\Database\\Query\\Processors\\Processor->processInsertGetId(Object(Illuminate\\Database\\Query\\Builder), 'insert into `cu...', Array, 'id')
#5 C:\\xampp\\htdocs\\api-jwt\\vendor\\illuminate\\database\\Eloquent\\Builder.php(1657): Illuminate\\Database\\Query\\Builder->insertGetId(Array, 'id')
#6 C:\\xampp\\htdocs\\api-jwt\\vendor\\illuminate\\database\\Eloquent\\Model.php(1188): Illuminate\\Database\\Eloquent\\Builder->__call('insertGetId', Array)
#7 C:\\xampp\\htdocs\\api-jwt\\vendor\\illuminate\\database\\Eloquent\\Model.php(1153): Illuminate\\Database\\Eloquent\\Model->insertAndSetId(Object(Illuminate\\Database\\Eloquent\\Builder), Array)
#8 C:\\xampp\\htdocs\\api-jwt\\vendor\\illuminate\\database\\Eloquent\\Model.php(994): Illuminate\\Database\\Eloquent\\Model->performInsert(Object(Illuminate\\Database\\Eloquent\\Builder))
#9 C:\\xampp\\htdocs\\api-jwt\\vendor\\illuminate\\database\\Eloquent\\Builder.php(896): Illuminate\\Database\\Eloquent\\Model->save()
#10 C:\\xampp\\htdocs\\api-jwt\\vendor\\illuminate\\support\\helpers.php(263): Illuminate\\Database\\Eloquent\\Builder->Illuminate\\Database\\Eloquent\\{closure}(Object(App\\Models\\Curso))
#11 C:\\xampp\\htdocs\\api-jwt\\vendor\\illuminate\\database\\Eloquent\\Builder.php(897): tap(Object(App\\Models\\Curso), Object(Closure))
#12 C:\\xampp\\htdocs\\api-jwt\\vendor\\illuminate\\support\\Traits\\ForwardsCalls.php(23): Illuminate\\Database\\Eloquent\\Builder->create(Array)
#13 C:\\xampp\\htdocs\\api-jwt\\vendor\\illuminate\\database\\Eloquent\\Model.php(2132): Illuminate\\Database\\Eloquent\\Model->forwardCallTo(Object(Illuminate\\Database\\Eloquent\\Builder), 'create', Array)
#14 C:\\xampp\\htdocs\\api-jwt\\app\\Http\\Controllers\\CursoController.php(43): Illuminate\\Database\\Eloquent\\Model->__call('create', Array)
#15 C:\\xampp\\htdocs\\api-jwt\\vendor\\illuminate\\container\\BoundMethod.php(36): App\\Http\\Controllers\\CursoController->store(Object(Laravel\\Lumen\\Http\\Request))
#16 C:\\xampp\\htdocs\\api-jwt\\vendor\\illuminate\\container\\Util.php(40): Illuminate\\Container\\BoundMethod::Illuminate\\Container\\{closure}()
#17 C:\\xampp\\htdocs\\api-jwt\\vendor\\illuminate\\container\\BoundMethod.php(93): Illuminate\\Container\\Util::unwrapIfClosure(Object(Closure))
#18 C:\\xampp\\htdocs\\api-jwt\\vendor\\illuminate\\container\\BoundMethod.php(37): Illuminate\\Container\\BoundMethod::callBoundMethod(Object(Laravel\\Lumen\\Application), Array, Object(Closure))
#19 C:\\xampp\\htdocs\\api-jwt\\vendor\\illuminate\\container\\Container.php(653): Illuminate\\Container\\BoundMethod::call(Object(Laravel\\Lumen\\Application), Array, Array, NULL)
#20 C:\\xampp\\htdocs\\api-jwt\\vendor\\laravel\\lumen-framework\\src\\Concerns\\RoutesRequests.php(389): Illuminate\\Container\\Container->call(Array, Array)
#21 C:\\xampp\\htdocs\\api-jwt\\vendor\\laravel\\lumen-framework\\src\\Concerns\\RoutesRequests.php(355): Laravel\\Lumen\\Application->callControllerCallable(Array, Array)
#22 C:\\xampp\\htdocs\\api-jwt\\vendor\\laravel\\lumen-framework\\src\\Concerns\\RoutesRequests.php(329): Laravel\\Lumen\\Application->callLumenController(Object(App\\Http\\Controllers\\CursoController), 'store', Array)
#23 C:\\xampp\\htdocs\\api-jwt\\vendor\\laravel\\lumen-framework\\src\\Concerns\\RoutesRequests.php(282): Laravel\\Lumen\\Application->callControllerAction(Array)
#24 C:\\xampp\\htdocs\\api-jwt\\vendor\\laravel\\lumen-framework\\src\\Concerns\\RoutesRequests.php(262): Laravel\\Lumen\\Application->callActionOnArrayBasedRoute(Array)
#25 C:\\xampp\\htdocs\\api-jwt\\vendor\\laravel\\lumen-framework\\src\\Routing\\Pipeline.php(48): Laravel\\Lumen\\Application->Laravel\\Lumen\\Concerns\\{closure}(Object(Laravel\\Lumen\\Http\\Request))
#26 C:\\xampp\\htdocs\\api-jwt\\app\\Http\\Middleware\\Authenticate.php(42): Laravel\\Lumen\\Routing\\Pipeline->Laravel\\Lumen\\Routing\\{closure}(Object(Laravel\\Lumen\\Http\\Request))
#27 C:\\xampp\\htdocs\\api-jwt\\vendor\\illuminate\\pipeline\\Pipeline.php(167): App\\Http\\Middleware\\Authenticate->handle(Object(Laravel\\Lumen\\Http\\Request), Object(Closure))
#28 C:\\xampp\\htdocs\\api-jwt\\vendor\\laravel\\lumen-framework\\src\\Routing\\Pipeline.php(30): Illuminate\\Pipeline\\Pipeline->Illuminate\\Pipeline\\{closure}(Object(Laravel\\Lumen\\Http\\Request))
#29 C:\\xampp\\htdocs\\api-jwt\\vendor\\illuminate\\pipeline\\Pipeline.php(103): Laravel\\Lumen\\Routing\\Pipeline->Laravel\\Lumen\\Routing\\{closure}(Object(Laravel\\Lumen\\Http\\Request))
#30 C:\\xampp\\htdocs\\api-jwt\\vendor\\laravel\\lumen-framework\\src\\Concerns\\RoutesRequests.php(426): Illuminate\\Pipeline\\Pipeline->then(Object(Closure))
#31 C:\\xampp\\htdocs\\api-jwt\\vendor\\laravel\\lumen-framework\\src\\Concerns\\RoutesRequests.php(263): Laravel\\Lumen\\Application->sendThroughPipeline(Array, Object(Closure))
#32 C:\\xampp\\htdocs\\api-jwt\\vendor\\laravel\\lumen-framework\\src\\Concerns\\RoutesRequests.php(169): Laravel\\Lumen\\Application->handleFoundRoute(Array)
#33 C:\\xampp\\htdocs\\api-jwt\\vendor\\laravel\\lumen-framework\\src\\Concerns\\RoutesRequests.php(429): Laravel\\Lumen\\Application->Laravel\\Lumen\\Concerns\\{closure}(Object(Laravel\\Lumen\\Http\\Request))
#34 C:\\xampp\\htdocs\\api-jwt\\vendor\\laravel\\lumen-framework\\src\\Concerns\\RoutesRequests.php(175): Laravel\\Lumen\\Application->sendThroughPipeline(Array, Object(Closure))
#35 C:\\xampp\\htdocs\\api-jwt\\vendor\\laravel\\lumen-framework\\src\\Concerns\\RoutesRequests.php(112): Laravel\\Lumen\\Application->dispatch(NULL)
#36 C:\\xampp\\htdocs\\api-jwt\\public\\index.php(28): Laravel\\Lumen\\Application->run()
#37 {main}

[previous exception] [object] (PDOException(code: 23000): SQLSTATE[23000]: Integrity constraint violation: 1062 Duplicate entry 'Lumen Micro Framework - Guia (Incl. Eloquent, MySQL e JWT)f' for key 'cursos_nome_unique' at C:\\xampp\\htdocs\\api-jwt\\vendor\\illuminate\\database\\Connection.php:501)
[stacktrace]
#0 C:\\xampp\\htdocs\\api-jwt\\vendor\\illuminate\\database\\Connection.php(501): PDOStatement->execute()
#1 C:\\xampp\\htdocs\\api-jwt\\vendor\\illuminate\\database\\Connection.php(705): Illuminate\\Database\\Connection->Illuminate\\Database\\{closure}('insert into `cu...', Array)
#2 C:\\xampp\\htdocs\\api-jwt\\vendor\\illuminate\\database\\Connection.php(672): Illuminate\\Database\\Connection->runQueryCallback('insert into `cu...', Array, Object(Closure))
#3 C:\\xampp\\htdocs\\api-jwt\\vendor\\illuminate\\database\\Connection.php(502): Illuminate\\Database\\Connection->run('insert into `cu...', Array, Object(Closure))
#4 C:\\xampp\\htdocs\\api-jwt\\vendor\\illuminate\\database\\Connection.php(454): Illuminate\\Database\\Connection->statement('insert into `cu...', Array)
#5 C:\\xampp\\htdocs\\api-jwt\\vendor\\illuminate\\database\\Query\\Processors\\Processor.php(32): Illuminate\\Database\\Connection->insert('insert into `cu...', Array)
#6 C:\\xampp\\htdocs\\api-jwt\\vendor\\illuminate\\database\\Query\\Builder.php(3028): Illuminate\\Database\\Query\\Processors\\Processor->processInsertGetId(Object(Illuminate\\Database\\Query\\Builder), 'insert into `cu...', Array, 'id')
#7 C:\\xampp\\htdocs\\api-jwt\\vendor\\illuminate\\database\\Eloquent\\Builder.php(1657): Illuminate\\Database\\Query\\Builder->insertGetId(Array, 'id')
#8 C:\\xampp\\htdocs\\api-jwt\\vendor\\illuminate\\database\\Eloquent\\Model.php(1188): Illuminate\\Database\\Eloquent\\Builder->__call('insertGetId', Array)
#9 C:\\xampp\\htdocs\\api-jwt\\vendor\\illuminate\\database\\Eloquent\\Model.php(1153): Illuminate\\Database\\Eloquent\\Model->insertAndSetId(Object(Illuminate\\Database\\Eloquent\\Builder), Array)
#10 C:\\xampp\\htdocs\\api-jwt\\vendor\\illuminate\\database\\Eloquent\\Model.php(994): Illuminate\\Database\\Eloquent\\Model->performInsert(Object(Illuminate\\Database\\Eloquent\\Builder))
#11 C:\\xampp\\htdocs\\api-jwt\\vendor\\illuminate\\database\\Eloquent\\Builder.php(896): Illuminate\\Database\\Eloquent\\Model->save()
#12 C:\\xampp\\htdocs\\api-jwt\\vendor\\illuminate\\support\\helpers.php(263): Illuminate\\Database\\Eloquent\\Builder->Illuminate\\Database\\Eloquent\\{closure}(Object(App\\Models\\Curso))
#13 C:\\xampp\\htdocs\\api-jwt\\vendor\\illuminate\\database\\Eloquent\\Builder.php(897): tap(Object(App\\Models\\Curso), Object(Closure))
#14 C:\\xampp\\htdocs\\api-jwt\\vendor\\illuminate\\support\\Traits\\ForwardsCalls.php(23): Illuminate\\Database\\Eloquent\\Builder->create(Array)
#15 C:\\xampp\\htdocs\\api-jwt\\vendor\\illuminate\\database\\Eloquent\\Model.php(2132): Illuminate\\Database\\Eloquent\\Model->forwardCallTo(Object(Illuminate\\Database\\Eloquent\\Builder), 'create', Array)
#16 C:\\xampp\\htdocs\\api-jwt\\app\\Http\\Controllers\\CursoController.php(43): Illuminate\\Database\\Eloquent\\Model->__call('create', Array)
#17 C:\\xampp\\htdocs\\api-jwt\\vendor\\illuminate\\container\\BoundMethod.php(36): App\\Http\\Controllers\\CursoController->store(Object(Laravel\\Lumen\\Http\\Request))
#18 C:\\xampp\\htdocs\\api-jwt\\vendor\\illuminate\\container\\Util.php(40): Illuminate\\Container\\BoundMethod::Illuminate\\Container\\{closure}()
#19 C:\\xampp\\htdocs\\api-jwt\\vendor\\illuminate\\container\\BoundMethod.php(93): Illuminate\\Container\\Util::unwrapIfClosure(Object(Closure))
#20 C:\\xampp\\htdocs\\api-jwt\\vendor\\illuminate\\container\\BoundMethod.php(37): Illuminate\\Container\\BoundMethod::callBoundMethod(Object(Laravel\\Lumen\\Application), Array, Object(Closure))
#21 C:\\xampp\\htdocs\\api-jwt\\vendor\\illuminate\\container\\Container.php(653): Illuminate\\Container\\BoundMethod::call(Object(Laravel\\Lumen\\Application), Array, Array, NULL)
#22 C:\\xampp\\htdocs\\api-jwt\\vendor\\laravel\\lumen-framework\\src\\Concerns\\RoutesRequests.php(389): Illuminate\\Container\\Container->call(Array, Array)
#23 C:\\xampp\\htdocs\\api-jwt\\vendor\\laravel\\lumen-framework\\src\\Concerns\\RoutesRequests.php(355): Laravel\\Lumen\\Application->callControllerCallable(Array, Array)
#24 C:\\xampp\\htdocs\\api-jwt\\vendor\\laravel\\lumen-framework\\src\\Concerns\\RoutesRequests.php(329): Laravel\\Lumen\\Application->callLumenController(Object(App\\Http\\Controllers\\CursoController), 'store', Array)
#25 C:\\xampp\\htdocs\\api-jwt\\vendor\\laravel\\lumen-framework\\src\\Concerns\\RoutesRequests.php(282): Laravel\\Lumen\\Application->callControllerAction(Array)
#26 C:\\xampp\\htdocs\\api-jwt\\vendor\\laravel\\lumen-framework\\src\\Concerns\\RoutesRequests.php(262): Laravel\\Lumen\\Application->callActionOnArrayBasedRoute(Array)
#27 C:\\xampp\\htdocs\\api-jwt\\vendor\\laravel\\lumen-framework\\src\\Routing\\Pipeline.php(48): Laravel\\Lumen\\Application->Laravel\\Lumen\\Concerns\\{closure}(Object(Laravel\\Lumen\\Http\\Request))
#28 C:\\xampp\\htdocs\\api-jwt\\app\\Http\\Middleware\\Authenticate.php(42): Laravel\\Lumen\\Routing\\Pipeline->Laravel\\Lumen\\Routing\\{closure}(Object(Laravel\\Lumen\\Http\\Request))
#29 C:\\xampp\\htdocs\\api-jwt\\vendor\\illuminate\\pipeline\\Pipeline.php(167): App\\Http\\Middleware\\Authenticate->handle(Object(Laravel\\Lumen\\Http\\Request), Object(Closure))
#30 C:\\xampp\\htdocs\\api-jwt\\vendor\\laravel\\lumen-framework\\src\\Routing\\Pipeline.php(30): Illuminate\\Pipeline\\Pipeline->Illuminate\\Pipeline\\{closure}(Object(Laravel\\Lumen\\Http\\Request))
#31 C:\\xampp\\htdocs\\api-jwt\\vendor\\illuminate\\pipeline\\Pipeline.php(103): Laravel\\Lumen\\Routing\\Pipeline->Laravel\\Lumen\\Routing\\{closure}(Object(Laravel\\Lumen\\Http\\Request))
#32 C:\\xampp\\htdocs\\api-jwt\\vendor\\laravel\\lumen-framework\\src\\Concerns\\RoutesRequests.php(426): Illuminate\\Pipeline\\Pipeline->then(Object(Closure))
#33 C:\\xampp\\htdocs\\api-jwt\\vendor\\laravel\\lumen-framework\\src\\Concerns\\RoutesRequests.php(263): Laravel\\Lumen\\Application->sendThroughPipeline(Array, Object(Closure))
#34 C:\\xampp\\htdocs\\api-jwt\\vendor\\laravel\\lumen-framework\\src\\Concerns\\RoutesRequests.php(169): Laravel\\Lumen\\Application->handleFoundRoute(Array)
#35 C:\\xampp\\htdocs\\api-jwt\\vendor\\laravel\\lumen-framework\\src\\Concerns\\RoutesRequests.php(429): Laravel\\Lumen\\Application->Laravel\\Lumen\\Concerns\\{closure}(Object(Laravel\\Lumen\\Http\\Request))
#36 C:\\xampp\\htdocs\\api-jwt\\vendor\\laravel\\lumen-framework\\src\\Concerns\\RoutesRequests.php(175): Laravel\\Lumen\\Application->sendThroughPipeline(Array, Object(Closure))
#37 C:\\xampp\\htdocs\\api-jwt\\vendor\\laravel\\lumen-framework\\src\\Concerns\\RoutesRequests.php(112): Laravel\\Lumen\\Application->dispatch(NULL)
#38 C:\\xampp\\htdocs\\api-jwt\\public\\index.php(28): Laravel\\Lumen\\Application->run()
#39 {main}
"} 
